Arguments: 
  C:\Program Files\nodejs\node.exe C:\Users\Enloch\AppData\Roaming\npm\node_modules\yarn\bin\yarn.js add react-icons

PATH: 
  C:\VulkanSDK\1.3.236.0\Bin;C:\Windows\system32;C:\Windows;C:\Windows\System32\Wbem;C:\Windows\System32\WindowsPowerShell\v1.0\;C:\Windows\System32\OpenSSH\;C:\ProgramData\chocolatey\bin;C:\Program Files (x86)\gnupg\bin;C:\Program Files\dotnet\;C:\Program Files\NVIDIA Corporation\NVIDIA NvDLISR;C:\Program Files (x86)\NVIDIA Corporation\PhysX\Common;C:\Users\Enloch\AppData\Roaming\nvm;C:\Program Files\nodejs;C:\Program Files\Git\cmd;C:\Program Files (x86)\Windows Kits\10\Windows Performance Toolkit\;C:\Program Files\nodejs\;C:\Program Files\KTX-Software\bin;C:\Program Files\PowerShell\7\;C:\WINDOWS\system32;C:\WINDOWS;C:\WINDOWS\System32\Wbem;C:\WINDOWS\System32\WindowsPowerShell\v1.0\;C:\WINDOWS\System32\OpenSSH\;C:\Program Files\AutoFirma\AutoFirma;C:\Users\Enloch\AppData\Local\Programs\Python\Python39\Scripts\;C:\Users\Enloch\AppData\Local\Programs\Python\Python39\;C:\Users\Enloch\AppData\Local\Microsoft\WindowsApps;C:\Users\Enloch\AppData\Local\Programs\Microsoft VS Code\bin;C:\Users\Enloch\.dotnet\tools;C:\Users\Enloch\AppData\Roaming\nvm;C:\Program Files\nodejs;C:\Users\Enloch\AppData\Roaming\npm;C:\Users\Enloch\AppData\Local\GitHubDesktop\bin;D:\JetBrains Rider 2022.3.1\bin;;

Yarn version: 
  1.22.19

Node version: 
  19.3.0

Platform: 
  win32 x64

Trace: 
  Error: EPERM: operation not permitted, unlink 'D:\Curro\Test-step\node_modules\esbuild-windows-64\esbuild.exe'

npm manifest: 
  {
      "name": "template-catalogo",
      "private": true,
      "homepage": "https://enloch.github.io",
      "version": "0.0.0",
      "scripts": {
          "dev": "vite",
          "dev-mobile": "vite --host",
          "build": "vite build",
          "preview": "vite build && vite preview",
          "predeploy": "npm run build",
          "deploy": "gh-pages -d build"
      },
      "dependencies": {
          "gh-pages": "^4.0.0",
          "jspdf": "2.5.1",
          "react": "17.0.2",
          "react-dom": "17.0.2",
          "react-router-dom": "6.3.0",
          "react-scroll": "1.8.7",
          "save-dev": "^0.0.1-security",
          "styled-components": "5.3.3"
      },
      "devDependencies": {
          "@types/react": "17.0.41",
          "@vitejs/plugin-react": "1.0.7",
          "eslint": "8.11.0",
          "eslint-config-prettier": "8.5.0",
          "eslint-plugin-react": "7.29.4",
          "prettier": "2.6.0",
          "vite": "2.9.13",
          "vite-tsconfig-paths": "3.4.1"
      }
  }

yarn manifest: 
  No manifest

Lockfile: 
  No lockfile
